-2024 0.1000 0.1769
    0 0.1000 0.1000
  314 0.1000 0.1769
 1596 0.1000 0.5712
 4230 0.1000 0.3404
 4775 0.1000 0.5904
 6655 0.1000 0.2635
13426 0.1000 0.2635
16940 0.1000 0.5904
17923 0.1000 0.2635
20008 0.1000 0.5904
24164 0.1000 0.3500
24360 0.1000 0.5904
24980 0.1000 0.3596
25940 0.1000 0.3404
31590 0.1000 0.3404
33116 0.1000 0.1096
36305 0.1000 0.5904
37241 0.1000 0.1769
40070 0.1000 0.2635
40451 0.1000 0.2635
40960 0.1000 0.2635
41522 0.1000 0.3500
41591 0.1000 0.5904
41832 0.1000 0.2635
44146 0.1000 0.2635
44160 0.1000 0.2635
44276 0.1000 0.2635
44491 0.1000 0.2635
44707 0.1000 0.2635
44903 0.1000 0.2635
46156 0.1000 0.4269
46268 0.1000 0.2635
49262 0.1000 0.5615
49653 0.1000 0.3885
54081 0.1000 0.5615
55140 0.1000 0.3885
55841 0.1000 0.3885
61152 0.1000 0.2731
61584 0.1000 0.3885
62425 0.1000 0.1769
63638 0.1000 0.3885
64305 0.1000 0.3885
64518 0.1000 0.3885
64617 0.1000 0.3885
64975 0.1000 0.5615
65421 0.1000 0.3885
66319 0.1000 0.3885
66534 0.1000 0.2731
67519 0.1000 0.3885
68059 0.1000 0.5615
68898 0.1000 0.3885
68923 0.1000 0.3885
77077 0.1000 0.3404
77486 0.1000 0.3885
84366 0.1000 0.3885
89715 0.1000 0.4077
89763 0.1000 0.4077
91708 0.1000 0.2346
93486 0.1000 0.4077
94626 0.1000 0.2058
97530 0.1000 0.4077
99638 0.1000 0.5327
105003 0.1000 0.1577
105094 0.1000 0.1096
105274 0.1000 0.2346
105910 0.1000 0.5327
106131 0.1000 0.4077
112745 0.1000 0.4077
115577 0.1000 0.4077
122716 0.1000 0.4077
124979 0.1000 0.4077
125792 0.1000 0.3596
126028 0.1000 0.5423
126367 0.1000 0.4173
127009 0.1000 0.4173
127907 0.1000 0.2538
130428 0.1000 0.4173
133278 0.2000 0.5423
150337 0.1000 0.3404
152063 0.1000 0.3885
161632 0.1000 0.3404
161701 0.1000 0.2058
163780 0.1000 0.1000
164526 0.1000 0.3885
171265 0.1000 0.5615
175421 0.1000 0.3404
180033 0.1000 0.3981
180186 0.1000 0.1577
181508 0.1000 0.3404
181638 0.1000 0.3981
184696 0.1000 0.2731
193371 0.2000 0.4269
194217 0.1000 0.2827
201130 0.3000 0.3981
202703 0.2000 0.4269
212255 0.5000 0.1962
212435 0.4000 0.5712
214891 0.2000 0.1577
216506 0.4000 0.5712
219092 0.3000 0.3019
220640 0.5000 0.1962
234165 0.2000 0.4269
234910 0.2000 0.1577
236845 0.3000 0.3981
243509 0.2000 0.4750
243939 0.1000 0.1096
244529 0.2000 0.4269
245249 0.3000 0.3981
247815 0.1000 0.1096
248960 0.3000 0.3981
250287 0.2000 0.4269
250827 0.3000 0.3981
251170 0.5000 0.1962
251477 0.2000 0.4269
251534 0.4000 0.2538
251707 0.2000 0.1577
252758 0.2000 0.4269
252808 0.2000 0.4269
253447 0.3000 0.3981
253558 0.2000 0.4269
253762 0.2000 0.4269
254400 0.1000 0.1192
254483 0.2000 0.1962
255422 0.2000 0.4269
255765 0.2000 0.4269
256122 0.3000 0.3981
256403 0.2000 0.4750
256971 0.5000 0.1962
258667 0.1000 0.1096
258769 0.2000 0.4269
258865 0.2000 0.4269
258966 0.2000 0.4750
259115 0.3000 0.3981
259276 0.2000 0.2442
259443 0.3000 0.3981
259677 0.2000 0.4269
260089 0.2000 0.4462
260814 0.2000 0.1000
260936 0.1000 0.1096
261061 0.3000 0.3981
261480 0.1000 0.2827
261787 0.2000 0.4750
262870 0.2000 0.2442
263073 0.5000 0.1962
263367 0.2000 0.2442
264976 0.2000 0.1192
265069 0.2000 0.4269
265145 0.3000 0.3981
265250 0.2000 0.4269
266847 0.2000 0.4750
267025 0.2000 0.4269
267247 0.2000 0.4269
267413 0.2000 0.4750
267417 0.2000 0.4750
268785 0.1000 0.2827
269549 0.5000 0.1962
269590 0.1000 0.1769
270298 0.2000 0.4750
270684 0.1000 0.1000
273439 0.2000 0.2442
273761 0.2000 0.2442
274513 0.2000 0.4269
274536 0.2000 0.2442
275502 0.2000 0.1577
275946 0.2000 0.4558
276056 0.2000 0.2442
276242 0.5000 0.2154
277146 0.2000 0.4558
277319 0.2000 0.4269
278103 0.2000 0.4269
278492 0.5000 0.2154
278542 0.1000 0.2154
279705 0.1000 0.1288
279724 0.3000 0.4173
280071 0.2000 0.4558
280676 0.2000 0.1577
281176 0.2000 0.4558
281936 0.2000 0.1577
282609 0.2000 0.2442
283224 0.2000 0.4558
283262 0.3000 0.4173
283271 0.2000 0.4558
283435 0.3000 0.4173
283661 0.2000 0.4269
283802 0.1000 0.1000
284244 0.3000 0.4173
284686 0.1000 0.1096
284883 0.2000 0.4269
286470 0.2000 0.4269
287885 0.3000 0.4173
288568 0.2000 0.4558
289146 0.2000 0.4558
289692 0.1000 0.1096
293369 0.3000 0.4173
294239 0.2000 0.2442
294632 0.1000 0.1000
295373 0.2000 0.4558
298714 0.3000 0.4269
299581 0.2000 0.1962
302502 0.3000 0.4365
302817 0.3000 0.5615
303113 0.5000 0.4365
304143 0.6000 0.2827
304668 0.4000 0.3212
305772 0.4000 0.3212
305864 0.6000 0.2827
306083 0.4000 0.4558
307209 0.5000 0.2346
307617 0.1000 0.1577
308186 0.4000 0.3212
308646 0.3000 0.4942
308968 0.4000 0.3212
309071 0.1000 0.3019
309656 0.6000 0.4846
310468 0.5000 0.3692
310616 0.5000 0.2346
311705 0.1000 0.2731
312670 0.1000 0.1000
312800 0.6000 0.2827
313476 0.4000 0.2635
313966 0.5000 0.5231
314242 0.1000 0.2250
314366 0.6000 0.1481
314388 0.1000 0.1000
314493 0.1000 0.2154
314932 0.6000 0.1096
315139 0.6000 0.1096
315244 0.6000 0.1096
315307 0.3000 0.5135
316069 0.4000 0.5615
316302 0.1000 0.2154
316757 0.1000 0.1096
316910 0.3000 0.5135
317690 0.1000 0.2154
317788 0.3000 0.5712
318857 0.1000 0.2154
320795 0.4000 0.5615
321712 0.3000 0.5712
322064 0.4000 0.5615
322369 0.6000 0.1096
322402 0.6000 0.1096
322759 0.1000 0.2154
323473 0.4000 0.5615
323847 0.3000 0.5712
324226 0.1000 0.2154
324407 0.1000 0.1000
325415 0.6000 0.1096
325484 0.6000 0.1096
325558 0.3000 0.5135
325615 0.4000 0.1000
325690 0.1000 0.1288
325709 0.3000 0.6000
325712 0.1000 0.1192
326129 0.1000 0.1288
326278 0.3000 0.5712
326458 0.1000 0.1000
328118 0.3000 0.5712
330131 0.4000 0.5615
330633 0.2000 0.2827
332132 0.1000 0.2154
332165 0.5000 0.2923
332458 0.1000 0.1000
332861 0.1000 0.1000
333065 0.2000 0.3308
334619 0.4000 0.5615
339555 0.4000 0.5615
340500 0.1000 0.1096
340826 0.1000 0.2827
341309 0.1000 0.2154
341847 0.1000 0.1288
341851 0.3000 0.1096
341987 0.2000 0.2827
342772 0.1000 0.2827
343040 0.1000 0.1192
343063 0.6000 0.1096
343399 0.1000 0.2154
343425 0.1000 0.1000
344106 0.1000 0.1000
344379 0.2000 0.4462
344953 0.3000 0.1192
345411 0.1000 0.1962
345859 0.1000 0.1192
346833 0.2000 0.3308
348513 0.4000 0.5615
348646 0.2000 0.3308
349017 0.2000 0.3308
349028 0.4000 0.5615
349321 0.6000 0.1096
349859 0.1000 0.1192
352121 0.1000 0.2154
352190 0.1000 0.2154
352289 0.1000 0.2154
353327 0.3000 0.1000
353568 0.6000 0.1192
354068 0.3000 0.5712
354214 0.4000 0.5615
354862 0.4000 0.5615
355038 0.6000 0.1096
355123 0.1000 0.1000
355246 0.6000 0.1096
357044 0.2000 0.1000
357403 0.6000 0.1096
357614 0.2000 0.2827
358664 0.1000 0.1385
358665 0.1000 0.1385
358827 0.1000 0.2538
358959 0.2000 0.1000
359563 0.6000 0.1096
359634 0.4000 0.5615
359686 0.6000 0.1096
360091 0.6000 0.1096
360385 0.6000 0.1096
360478 0.6000 0.1096
360695 0.6000 0.1096
360775 0.6000 0.1096
360885 0.6000 0.1096
360932 0.6000 0.1096
361170 0.6000 0.1096
361186 0.6000 0.1096
362013 0.6000 0.1096
362095 0.6000 0.1096
362229 0.6000 0.1096
362555 0.6000 0.1096
362590 0.6000 0.1096
362878 0.2000 0.1865
363045 0.6000 0.1096
363521 0.6000 0.1096
363821 0.6000 0.1096
363901 0.6000 0.1096
363991 0.6000 0.1096
364249 0.6000 0.1096
364436 0.6000 0.1096
364625 0.4000 0.5615
364714 0.6000 0.1096
364794 0.6000 0.1096
364827 0.6000 0.1096
365191 0.6000 0.1096
365255 0.2000 0.1000
365354 0.6000 0.1096
365523 0.6000 0.1096
365663 0.6000 0.1096
365698 0.6000 0.1096
365758 0.2000 0.3308
365768 0.6000 0.1096
366364 0.6000 0.1096
367101 0.6000 0.1096
367263 0.6000 0.1096
367796 0.6000 0.1096
367951 0.6000 0.1096
368248 0.1000 0.2538
369380 0.6000 0.1096
370484 0.4000 0.5615
372466 0.1000 0.1385
374869 0.1000 0.1288
375571 0.3000 0.5712
375716 0.4000 0.5615
375934 0.4000 0.5615
376026 0.4000 0.5615
376424 0.3000 0.4462
376545 0.2000 0.2827
376667 0.2000 0.2827
377707 0.4000 0.5615
378898 0.3000 0.5712
379122 0.6000 0.1096
379700 0.3000 0.5712
380010 0.3000 0.5712
380076 0.3000 0.5712
380131 0.3000 0.5712
380200 0.3000 0.5712
380536 0.4000 0.5615
381363 0.2000 0.3308
381927 0.1000 0.2154
382715 0.2000 0.3308
383155 0.4000 0.5615
383437 0.4000 0.5615
383487 0.4000 0.5615
384319 0.4000 0.5904
384637 0.4000 0.5615
384665 0.4000 0.5615
384762 0.4000 0.5615
385075 0.1000 0.1000
385170 0.4000 0.5615
385275 0.4000 0.5615
385739 0.5000 0.2827
386223 0.1000 0.1481
386493 0.5000 0.2827
386848 0.5000 0.3308
386974 0.5000 0.2827
387188 0.1000 0.1096
387478 0.4000 0.5615
387991 0.3000 0.1577
388531 0.5000 0.3308
388651 0.5000 0.3308
389074 0.5000 0.3308
389244 0.5000 0.2827
389280 0.1000 0.1096
389629 0.5000 0.3308
389834 0.5000 0.3308
389939 0.5000 0.2731
389982 0.1000 0.1192
390351 0.4000 0.4558
390470 0.5000 0.2731
392874 0.3000 0.2731
394687 0.4000 0.5231
395066 0.5000 0.2731
396080 0.4000 0.5231
396425 0.2000 0.3308
397015 0.1000 0.1096
397269 0.1000 0.2442
398451 0.2000 0.1096
398483 0.3000 0.1096
398660 0.3000 0.1096
398771 0.3000 0.2731
399070 0.1000 0.1000
399180 0.3000 0.1096
399478 0.4000 0.5231
399579 0.5000 0.2731
400824 0.3000 0.2731
401221 0.1000 0.1192
402184 0.4000 0.5231
402807 0.5000 0.2635
403499 0.3000 0.2731
404131 0.1000 0.1192
404906 0.2000 0.3308
405759 0.5000 0.4462
405901 0.3000 0.2731
406152 0.5000 0.4558
406701 0.1000 0.1096
407679 0.3000 0.2731
408427 0.4000 0.5231
408457 0.5000 0.2731
408959 0.4000 0.5231
409094 0.3000 0.1096
410125 0.5000 0.2731
410874 0.1000 0.2442
411802 0.3000 0.2538
412056 0.5000 0.2731
413563 0.5000 0.4462
413823 0.5000 0.4462
415064 0.4000 0.5135
415075 0.4000 0.5135
416613 0.1000 0.2442
416853 0.3000 0.1096
416979 0.5000 0.3115
417828 0.1000 0.2250
418068 0.3000 0.1096
418335 0.6000 0.3115
419369 0.6000 0.3115
420156 0.1000 0.1096
420494 0.6000 0.3115
420982 0.1000 0.1096
421541 0.1000 0.1673
421763 0.2000 0.3212
423075 0.3000 0.5038
424478 0.1000 0.1096
424978 0.3000 0.5038
426208 0.6000 0.3115
426262 0.2000 0.3404
426810 0.6000 0.4462
426995 0.2000 0.1000
428574 0.1000 0.2346
428989 0.6000 0.3115
429006 0.1000 0.1192
429263 0.1000 0.1000
429662 0.2000 0.1192
430257 0.1000 0.2346
432949 0.3000 0.1096
433601 0.2000 0.3404
434210 0.1000 0.1000
434829 0.1000 0.1288
435660 0.6000 0.4462
438810 0.6000 0.3115
439583 0.1000 0.1192
440294 0.1000 0.1192
440528 0.6000 0.3115
440615 0.4000 0.3500
441513 0.5000 0.2827
442991 0.3000 0.5038
443211 0.2000 0.3404
444232 0.6000 0.4462
444972 0.6000 0.3115
447969 0.1000 0.2346
448120 0.6000 0.3019
448515 0.3000 0.1096
450238 0.1000 0.2346
450325 0.2000 0.3596
452276 0.1000 0.2346
452850 0.6000 0.4462
453817 0.6000 0.3115
453869 0.2000 0.3596
455140 0.2000 0.3596
455271 0.3000 0.4846
455670 0.1000 0.1000
456955 0.2000 0.3500
457958 0.2000 0.4942
458199 0.4000 0.3212
458683 0.2000 0.1000
458960 0.3000 0.1096
459600 0.6000 0.3308
459670 0.1000 0.1192
460037 0.2000 0.4365
460177 0.2000 0.3500
460226 0.6000 0.3308
460483 0.2000 0.3500
460847 0.2000 0.4365
460892 0.4000 0.2827
462500 0.6000 0.3308
462744 0.2000 0.3500
462976 0.6000 0.3308
463630 0.4000 0.2827
464047 0.1000 0.2442
464183 0.6000 0.3308
465119 0.6000 0.3308
465835 0.2000 0.2731
466596 0.4000 0.2827
467324 0.6000 0.3308
467937 0.1000 0.1096
468549 0.1000 0.1000
470002 0.2000 0.4365
470354 0.2000 0.2731
470508 0.2000 0.4365
470954 0.1000 0.1096
471410 0.2000 0.1000
471487 0.3000 0.5135
474406 0.1000 0.1000
474657 0.1000 0.2442
474745 0.2000 0.4365
475612 0.2000 0.4365
475670 0.1000 0.1000
476657 0.2000 0.4365
478051 0.2000 0.4365
478950 0.1000 0.1000
479020 0.6000 0.3308
479219 0.3000 0.1096
480088 0.3000 0.1096
482669 0.6000 0.3308
483383 0.1000 0.2442
483648 0.2000 0.3500
483978 0.2000 0.4365
484353 0.1000 0.1192
484401 0.1000 0.1192
487122 0.1000 0.1096
487357 0.2000 0.3500
490860 0.2000 0.3500
491214 0.6000 0.3308
492478 0.1000 0.1096
492705 0.1000 0.1000
493627 0.2000 0.4365
494236 0.2000 0.2731
494571 0.1000 0.1192
494614 0.2000 0.2731
495123 0.1000 0.1192
495315 0.1000 0.1192
495884 0.2000 0.4365
496314 0.6000 0.3308
496582 0.2000 0.3500
502278 0.2000 0.2731
502413 0.6000 0.3308
502520 0.2000 0.3500
503202 0.3000 0.1096
503453 0.1000 0.1192
503968 0.3000 0.1096
505408 0.4000 0.2827
505476 0.2000 0.4365
505634 0.2000 0.3500
506432 0.2000 0.3500
507456 0.6000 0.3308
508183 0.6000 0.3308
508777 0.3000 0.1096
509059 0.6000 0.3308
509103 0.5000 0.5327
509789 0.1000 0.1096
510048 0.2000 0.4365
510064 0.2000 0.2731
510154 0.1000 0.1385
510739 0.6000 0.3308
510853 0.6000 0.3308
511069 0.6000 0.2827
511182 0.6000 0.3019
511314 0.3000 0.2923
512547 0.1000 0.3500
512752 0.6000 0.4846
513078 0.1000 0.1096
513099 0.1000 0.3500
513250 0.4000 0.3115
513460 0.1000 0.3500
513771 0.3000 0.4846
514295 0.1000 0.3500
514782 0.1000 0.1192
515029 0.1000 0.3500
515057 0.6000 0.4750
515384 0.4000 0.3404
516107 0.4000 0.3115
516576 0.3000 0.3596
517404 0.1000 0.3500
517680 0.1000 0.3500
517892 0.6000 0.4750
518234 0.2000 0.1673
518543 0.1000 0.3500
519461 0.3000 0.1096
519664 0.1000 0.3500
520178 0.1000 0.2250
521184 0.1000 0.3500
522068 0.1000 0.3500
523317 0.1000 0.1096
524060 0.1000 0.1288
524070 0.1000 0.3308
524242 0.1000 0.1962
525164 0.1000 0.2442
525253 0.4000 0.3404
527075 0.1000 0.3308
527843 0.1000 0.3308
528077 0.1000 0.1288
528722 0.1000 0.3212
529523 0.1000 0.1192
529893 0.1000 0.1288
530080 0.1000 0.1096
531209 0.3000 0.2058
532309 0.4000 0.3500
532601 0.4000 0.3500
533454 0.4000 0.3019
534050 0.3000 0.1096
534777 0.4000 0.3500
535301 0.6000 0.5423
535460 0.4000 0.3500
535663 0.4000 0.3500
535918 0.6000 0.5423
538005 0.1000 0.3212
538124 0.1000 0.1385
538371 0.3000 0.1481
538606 0.1000 0.1385
538625 0.1000 0.1385
539047 0.1000 0.1385
540161 0.1000 0.3212
541271 0.3000 0.1096
541554 0.1000 0.1385
541681 0.1000 0.1385
541766 0.1000 0.1288
541941 0.1000 0.2442
543163 0.1000 0.1385
544203 0.4000 0.3404
544266 0.1000 0.1385
544419 0.1000 0.1192
544989 0.1000 0.3212
545064 0.3000 0.1481
545884 0.1000 0.3212
546316 0.3000 0.1096
546538 0.3000 0.1096
548477 0.3000 0.3692
548640 0.3000 0.3692
549042 0.3000 0.1481
549229 0.1000 0.3212
549978 0.1000 0.3212
550259 0.1000 0.1192
550312 0.1000 0.1288
550423 0.2000 0.1000
551519 0.1000 0.1000
552371 0.3000 0.3692
552801 0.3000 0.1096
553374 0.3000 0.3596
553589 0.3000 0.3596
553732 0.3000 0.1096
553888 0.3000 0.1865
553924 0.3000 0.3596
554026 0.3000 0.3596
554102 0.1000 0.2442
554223 0.3000 0.1865
554337 0.3000 0.3596
554656 0.3000 0.3596
555017 0.3000 0.3596
555168 0.3000 0.3596
555642 0.3000 0.1096
555748 0.1000 0.2442
555815 0.1000 0.2442
555860 0.1000 0.2442
556243 0.3000 0.3596
557084 0.1000 0.2442
557550 0.1000 0.3212
558082 0.1000 0.2442
558493 0.3000 0.3596
558719 0.3000 0.3596
558915 0.3000 0.1096
559405 0.3000 0.2442
559464 0.3000 0.3596
559906 0.3000 0.2827
561867 0.1000 0.1288
561935 0.3000 0.1096
562482 0.3000 0.3308
564705 0.1000 0.1288
564710 0.1000 0.1288
564809 0.3000 0.3404
565566 0.1000 0.1192
566202 0.1000 0.1000
566636 0.3000 0.3596
566865 0.1000 0.2442
567893 0.3000 0.1385
568462 0.2000 0.1000
568693 0.3000 0.1096
570224 0.1000 0.1288
571117 0.3000 0.3596
571166 0.3000 0.3596
571229 0.1000 0.1000
571316 0.1000 0.2442
571750 0.1000 0.1288
572436 0.3000 0.3596
573101 0.1000 0.1288
573270 0.3000 0.3596
573344 0.3000 0.1865
575025 0.1000 0.1288
576754 0.3000 0.3596
578381 0.3000 0.3596
578507 0.1000 0.1385
578878 0.3000 0.3308
580020 0.3000 0.3596
580151 0.1000 0.2442
580463 0.3000 0.3596
580464 0.1000 0.1288
580563 0.1000 0.1288
580708 0.3000 0.3596
581157 0.3000 0.3596
581265 0.3000 0.3596
581488 0.1000 0.2442
582162 0.1000 0.1288
582742 0.3000 0.3308
582833 0.3000 0.1865
583157 0.1000 0.1288
583229 0.3000 0.3596
583437 0.3000 0.1865
584081 0.3000 0.3596
584144 0.1000 0.2442
584535 0.1000 0.2442
584544 0.3000 0.3885
584592 0.3000 0.3212
585133 0.1000 0.1288
586451 0.1000 0.1192
586886 0.1000 0.1288
586920 0.1000 0.1288
587019 0.1000 0.1288
587199 0.1000 0.1288
587438 0.1000 0.1288
587605 0.1000 0.2442
587669 0.3000 0.3500
589545 0.1000 0.2442
590142 0.1000 0.1481
590173 0.1000 0.1288
590311 0.1000 0.1288
590641 0.3000 0.3404
591825 0.3000 0.1385
592547 0.1000 0.2731
592579 0.1000 0.1288
592717 0.1000 0.1096
592766 0.6000 0.5712
592827 0.4000 0.1000
593974 0.6000 0.5712
594509 0.3000 0.2635
595127 0.3000 0.2635
595386 0.4000 0.1000
595456 0.3000 0.1096
596118 0.2000 0.1000
596484 0.3000 0.2923
596697 0.1000 0.1096
596752 0.4000 0.4077
597617 0.1000 0.1288
597806 0.1000 0.1096
598504 0.1000 0.1000
599041 0.4000 0.4077
599165 0.1000 0.2442
599766 0.1000 0.1096
600916 0.1000 0.2442
600957 0.4000 0.4077
601026 0.1000 0.1192
602163 0.1000 0.1096
602801 0.1000 0.1096
603822 0.4000 0.4077
604540 0.6000 0.4173
605001 0.3000 0.1096
605033 0.6000 0.4173
605671 0.1000 0.1288
605965 0.4000 0.4077
607975 0.1000 0.1096
608642 0.1000 0.1288
608841 0.1000 0.1288
610304 0.6000 0.4558
610937 0.3000 0.1096
611433 0.2000 0.2731
611669 0.1000 0.1865
611839 0.1000 0.1096
612188 0.3000 0.2250
612241 0.1000 0.1096
612273 0.1000 0.1962
613201 0.1000 0.1288
613523 0.3000 0.5904
613721 0.3000 0.5904
614013 0.3000 0.5904
615826 0.1000 0.1577
616278 0.2000 0.1865
616383 0.3000 0.5904
616671 0.3000 0.5904
617087 0.3000 0.5904
618066 0.3000 0.5904
620307 0.1000 0.1865
623435 0.2000 0.2346
624178 0.1000 0.2250
626259 0.3000 0.5904
626641 0.3000 0.5904
626754 0.3000 0.5904
627199 0.3000 0.5904
627304 0.3000 0.5904
629546 0.3000 0.5904
629554 0.3000 0.5904
630081 0.3000 0.5904
630173 0.1000 0.1577
630282 0.2000 0.2346
630305 0.1000 0.1096
630501 0.2000 0.4558
630769 0.2000 0.2346
630981 0.1000 0.1481
631041 0.3000 0.1192
631458 0.1000 0.1577
631534 0.1000 0.2923
632193 0.3000 0.5904
634571 0.1000 0.2923
637211 0.3000 0.5904
637651 0.2000 0.2635
638018 0.3000 0.3981
638118 0.2000 0.2635
638767 0.2000 0.2635
640863 0.1000 0.1192
641710 0.1000 0.1577
642055 0.3000 0.3981
642424 0.3000 0.3981
642847 0.2000 0.2635
643463 0.1000 0.1577
643741 0.1000 0.1192
644526 0.3000 0.3981
644568 0.2000 0.2346
644679 0.1000 0.1096
645019 0.1000 0.2923
645629 0.2000 0.2346
646395 0.2000 0.1385
646458 0.1000 0.2923
651173 0.1000 0.1288
651655 0.3000 0.1192
652573 0.3000 0.3981
653171 0.5000 0.4462
654148 0.2000 0.2635
654851 0.3000 0.5904
655108 0.3000 0.5904
656303 0.1000 0.1865
656902 0.5000 0.4462
657859 0.2000 0.2635
658762 0.3000 0.5904
659004 0.1000 0.2923
659919 0.1000 0.2923
660537 0.3000 0.1192
660551 0.5000 0.4462
660611 0.3000 0.5904
660669 0.2000 0.2635
661543 0.3000 0.3981
662493 0.1000 0.1192
663317 0.3000 0.5904
664768 0.2000 0.2635
664850 0.3000 0.1769
665189 0.2000 0.2346
665600 0.3000 0.3981
665677 0.1000 0.2923
665746 0.1000 0.1385
665993 0.3000 0.3981
666179 0.1000 0.2923
666223 0.3000 0.5904
666295 0.3000 0.5904
666868 0.1000 0.1577
666889 0.2000 0.2346
667446 0.3000 0.5904
667469 0.2000 0.2346
667998 0.3000 0.3981
668604 0.1000 0.2923
668712 0.3000 0.5904
668968 0.1000 0.2923
669100 0.3000 0.5904
669269 0.1000 0.1385
669395 0.1000 0.1577
669670 0.1000 0.2923
669740 0.2000 0.2635
670100 0.2000 0.2635
670354 0.1000 0.1865
671211 0.1000 0.2923
671690 0.1000 0.1577
672145 0.3000 0.5904
672667 0.2000 0.1865
672759 0.2000 0.1865
672982 0.2000 0.2635
673031 0.5000 0.4462
673086 0.3000 0.5904
673577 0.2000 0.2635
673988 0.1000 0.1577
674037 0.5000 0.4462
674250 0.3000 0.5904
674379 0.2000 0.2635
674638 0.2000 0.2635
674779 0.2000 0.2346
674808 0.2000 0.2346
674941 0.5000 0.4462
675009 0.3000 0.5904
675433 0.1000 0.1288
675782 0.2000 0.2346
675991 0.1000 0.1577
676443 0.3000 0.5904
676502 0.2000 0.2346
676554 0.1000 0.1385
677053 0.2000 0.2346
677496 0.5000 0.4462
677528 0.2000 0.2635
678349 0.2000 0.2058
680127 0.3000 0.5904
680312 0.1000 0.2923
684159 0.3000 0.5904
684168 0.3000 0.5904
684884 0.3000 0.5904
685014 0.2000 0.2346
685674 0.3000 0.5904
685707 0.3000 0.5904
685921 0.2000 0.2635
686228 0.3000 0.5904
686602 0.3000 0.5904
686609 0.3000 0.5904
686812 0.2000 0.2346
687052 0.2000 0.2346
687114 0.3000 0.5904
687396 0.2000 0.2635
687701 0.2000 0.4462
688221 0.2000 0.1865
688649 0.1000 0.2923
688807 0.2000 0.2346
689485 0.3000 0.5904
689664 0.1000 0.1000
689775 0.2000 0.2346
689835 0.3000 0.5904
690498 0.1000 0.2923
690727 0.3000 0.5904
691003 0.3000 0.1192
691586 0.2000 0.2635
692070 0.3000 0.5904
693272 0.2000 0.2635
693294 0.4000 0.5038
693679 0.2000 0.2635
693685 0.2000 0.2635
694827 0.2000 0.2635
695565 0.2000 0.2346
697442 0.3000 0.5904
697575 0.1000 0.1577
698104 0.1000 0.1288
698421 0.1000 0.1577
700820 0.5000 0.5038
701961 0.3000 0.5904
702334 0.1000 0.2923
703258 0.3000 0.5904
704626 0.1000 0.2923
706726 0.2000 0.2346
706986 0.1000 0.1385
707231 0.2000 0.2346
707626 0.1000 0.1769
708025 0.2000 0.2346
708080 0.2000 0.2635
708709 0.1000 0.1000
709027 0.3000 0.5904
712889 0.1000 0.1000
712959 0.2000 0.2058
714009 0.2000 0.2635
714166 0.2000 0.2635
714256 0.2000 0.2346
714396 0.5000 0.4462
714429 0.2000 0.2346
714485 0.3000 0.5808
714825 0.1000 0.2923
715152 0.2000 0.2635
715654 0.1000 0.2923
715774 0.2000 0.2635
715892 0.2000 0.2346
716726 0.3000 0.5904
717244 0.3000 0.5904
717408 0.2000 0.2635
718763 0.3000 0.5904
718791 0.3000 0.5904
719563 0.1000 0.1000
719689 0.1000 0.1577
719945 0.1000 0.2923
720200 0.3000 0.5904
721014 0.1000 0.1769
721091 0.2000 0.1096
721259 0.2000 0.2346
722017 0.2000 0.2346
722800 0.3000 0.5904
722918 0.3000 0.1288
723261 0.3000 0.5904
723415 0.1000 0.2923
723577 0.1000 0.2923
724055 0.3000 0.5904
724402 0.2000 0.2346
724614 0.3000 0.1288
724788 0.1000 0.1769
725089 0.3000 0.5904
725771 0.3000 0.5904
726142 0.3000 0.2058
726852 0.1000 0.1288
727146 0.4000 0.2827
727249 0.4000 0.4750
728043 0.4000 0.2923
728309 0.1000 0.2923
728809 0.4000 0.4846
729334 0.4000 0.2923
729543 0.4000 0.2923
730231 0.1000 0.2923
730384 0.4000 0.2923
731313 0.4000 0.2923
739044 0.1000 0.1096
739476 0.4000 0.4750
739860 0.4000 0.2923
740172 0.4000 0.2923
740273 0.4000 0.2923
740299 0.1000 0.2923
740708 0.4000 0.4750
741972 0.4000 0.4750
742151 0.1000 0.3404
742637 0.2000 0.1288
742749 0.1000 0.3308
742806 0.4000 0.2923
744289 0.3000 0.1385
745339 0.1000 0.2923
746101 0.3000 0.1385
746252 0.3000 0.1385
746503 0.3000 0.1385
747484 0.3000 0.1385
747829 0.1000 0.1673
748390 0.2000 0.4942
750510 0.4000 0.4846
750965 0.4000 0.4846
752607 0.2000 0.4173
755351 0.3000 0.3981
761043 0.3000 0.3981
772779 0.3000 0.3981
773427 0.1000 0.2442
773724 0.3000 0.1769
774482 0.3000 0.3981
775838 0.3000 0.3981
776881 0.1000 0.1769
777745 0.3000 0.3981
777919 0.3000 0.3981
778778 0.3000 0.3981
779099 0.1000 0.2442
779157 0.3000 0.3981
779491 0.3000 0.3981
780300 0.3000 0.3981
782152 0.4000 0.4846
782568 0.3000 0.3981
782742 0.3000 0.3212
782859 0.3000 0.3981
788510 0.5000 0.4365
789494 0.3000 0.3885
793507 0.3000 0.3885
796701 0.3000 0.3885
800578 0.2000 0.4269
803760 0.1000 0.2442
806916 0.3000 0.3885
807171 0.3000 0.3885
807221 0.3000 0.3212
811112 0.3000 0.4077
811894 0.2000 0.4269
811919 0.3000 0.4077
812192 0.2000 0.4269
812612 0.2000 0.4365
812635 0.3000 0.3404
813157 0.2000 0.4269
813547 0.3000 0.3404
813736 0.3000 0.3404
814132 0.2000 0.4269
814169 0.2000 0.4269
815218 0.3000 0.1962
816085 0.3000 0.1962
816166 0.4000 0.5327
816645 0.4000 0.4654
817304 0.3000 0.1962
818511 0.3000 0.1962
819502 0.3000 0.1962
821306 0.2000 0.4269
822134 0.2000 0.1962
823552 0.1000 0.4365
824458 0.2000 0.1962
826948 0.4000 0.5712
832971 0.3000 0.5327
835490 0.1000 0.1865
841675 0.3000 0.1962
841786 0.3000 0.1962
842692 0.4000 0.4846
842761 0.1000 0.4365
843249 0.4000 0.5712
846175 0.1000 0.4365
850321 0.3000 0.5423
852328 0.3000 0.5519
853263 0.2000 0.2058
857615 0.4000 0.5615
858250 0.1000 0.3115
863251 0.1000 0.4462
868301 0.2000 0.1962
870155 0.2000 0.1962
871264 0.3000 0.5423
871356 0.2000 0.1962
871589 0.3000 0.5423
871843 0.2000 0.1962
872078 0.1000 0.1769
872651 0.1000 0.4462
872857 0.3000 0.5423
873009 0.2000 0.1962
874147 0.4000 0.5615
874716 0.2000 0.1962
877238 0.2000 0.1962
877995 0.4000 0.5615
878220 0.4000 0.5615
879032 0.1000 0.4462
880185 0.2000 0.1962
888208 0.1000 0.2538
888840 0.5000 0.3019
898289 0.5000 0.4942
901292 0.1000 0.1385
901990 0.1000 0.1385
903003 0.3000 0.1577
905875 0.5000 0.3019
909993 0.3000 0.2250
915035 0.1000 0.2538
919201 0.5000 0.3019
920113 0.1000 0.1000
922470 0.5000 0.3019
922514 0.1000 0.1000
925907 0.5000 0.3019
931899 0.4000 0.3212
935327 0.3000 0.2827
940413 0.4000 0.3212
943462 0.3000 0.2346
951712 0.6000 0.5615
952413 0.4000 0.4269
952477 0.4000 0.3212
954910 0.4000 0.4365
955710 0.3000 0.1577
965015 0.5000 0.4365
966778 0.1000 0.2058
968681 0.5000 0.4365
969443 0.4000 0.4365
975425 0.4000 0.4365
976399 0.4000 0.3212
976441 0.4000 0.3212
979904 0.4000 0.4365
986630 0.4000 0.4558
986840 0.1000 0.2058
991002 0.4000 0.4462
991134 0.4000 0.4365
