   1   0.39   0.48   0.45   0.50
   2   0.40   0.48   0.41   0.48
   3   0.41   0.48   0.33   0.44
   4   0.37   0.47   0.35   0.45
   5   0.33   0.44   0.40   0.48
   6   0.30   0.42   0.32   0.44
   7   0.27   0.39   0.30   0.42
   8   0.24   0.36   0.28   0.40
   9   0.24   0.36   0.28   0.40
  10   0.22   0.34   0.24   0.36
  11   0.23   0.35   0.25   0.38
  12   0.28   0.40   0.23   0.35
  13   0.28   0.40   0.24   0.36
  14   0.28   0.40   0.31   0.43
  15   0.30   0.42   0.28   0.40
  16   0.27   0.39   0.31   0.43
  17   0.30   0.42   0.26   0.38
  18   0.29   0.41   0.31   0.43
  19   0.31   0.43   0.36   0.46
  20   0.19   0.31   0.22   0.34
  21   0.15   0.26   0.23   0.35
  22   0.07   0.13   0.21   0.33
  23   0.07   0.13   0.16   0.27
  24   0.05   0.10   0.15   0.26
  25   0.06   0.11   0.17   0.28
  26   0.08   0.15   0.17   0.28
  27   0.05   0.10   0.17   0.28
  28   0.07   0.13   0.14   0.24
  29   0.03   0.06   0.13   0.23
  30   0.01   0.02   0.13   0.23
  31   0.00   0.00   0.12   0.21
