   1   0.57   0.49   0.48   0.50
   2   0.58   0.49   0.48   0.50
   3   0.52   0.50   0.53   0.50
   4   0.50   0.50   0.56   0.49
   5   0.54   0.50   0.57   0.49
   6   0.47   0.50   0.63   0.47
   7   0.46   0.50   0.62   0.47
   8   0.43   0.49   0.61   0.48
   9   0.40   0.48   0.56   0.49
  10   0.34   0.45   0.60   0.48
  11   0.32   0.44   0.57   0.49
  12   0.37   0.47   0.55   0.49
  13   0.47   0.50   0.50   0.50
  14   0.49   0.50   0.49   0.50
  15   0.55   0.49   0.50   0.50
  16   0.54   0.50   0.47   0.50
  17   0.53   0.50   0.34   0.45
  18   0.54   0.50   0.33   0.44
  19   0.50   0.50   0.36   0.46
  20   0.45   0.50   0.32   0.44
  21   0.51   0.50   0.31   0.43
  22   0.52   0.50   0.26   0.38
  23   0.51   0.50   0.27   0.39
  24   0.51   0.50   0.23   0.35
  25   0.48   0.50   0.21   0.33
  26   0.45   0.50   0.29   0.41
  27   0.50   0.50   0.24   0.36
  28   0.41   0.48   0.22   0.34
  29   0.39   0.48   0.17   0.28
  30   0.40   0.48   0.23   0.35
  31   0.40   0.48   0.23   0.35
  32   0.46   0.50   0.26   0.38
  33   0.52   0.50   0.24   0.36
  34   0.49   0.50   0.29   0.41
  35   0.55   0.49   0.30   0.42
  36   0.54   0.50   0.36   0.46
  37   0.48   0.50   0.34   0.45
  38   0.47   0.50   0.44   0.49
  39   0.46   0.50   0.42   0.49
  40   0.43   0.49   0.42   0.49
  41   0.52   0.50   0.41   0.48
  42   0.43   0.49   0.32   0.44
  43   0.45   0.50   0.37   0.47
  44   0.40   0.48   0.37   0.47
  45   0.32   0.44   0.34   0.45
  46   0.31   0.43   0.28   0.40
  47   0.33   0.44   0.29   0.41
  48   0.38   0.47   0.33   0.44
  49   0.35   0.45   0.30   0.42
  50   0.28   0.40   0.32   0.44
  51   0.35   0.45   0.32   0.44
  52   0.35   0.45   0.40   0.48
  53   0.41   0.48   0.41   0.48
  54   0.53   0.50   0.31   0.43
  55   0.53   0.50   0.32   0.44
  56   0.55   0.49   0.44   0.49
  57   0.58   0.49   0.46   0.50
  58   0.51   0.50   0.44   0.49
  59   0.49   0.50   0.44   0.49
  60   0.50   0.50   0.44   0.49
  61   0.58   0.49   0.54   0.50
  62   0.54   0.50   0.55   0.49
  63   0.62   0.47   0.58   0.49
  64   0.69   0.43   0.60   0.48
  65   0.67   0.44   0.54   0.50
  66   0.69   0.43   0.53   0.50
  67   0.63   0.47   0.53   0.50
  68   0.68   0.44   0.49   0.50
  69   0.58   0.49   0.54   0.50
  70   0.47   0.50   0.55   0.49
  71   0.53   0.50   0.57   0.49
  72   0.51   0.50   0.58   0.49
  73   0.44   0.49   0.57   0.49
  74   0.47   0.50   0.48   0.50
  75   0.49   0.50   0.52   0.50
  76   0.49   0.50   0.46   0.50
  77   0.53   0.50   0.58   0.49
  78   0.49   0.50   0.61   0.48
  79   0.51   0.50   0.56   0.49
  80   0.55   0.49   0.49   0.50
  81   0.47   0.50   0.44   0.49
  82   0.46   0.50   0.44   0.49
  83   0.50   0.50   0.37   0.47
  84   0.53   0.50   0.38   0.47
  85   0.47   0.50   0.40   0.48
  86   0.42   0.49   0.37   0.47
  87   0.37   0.47   0.44   0.49
  88   0.35   0.45   0.43   0.49
  89   0.34   0.45   0.38   0.47
  90   0.37   0.47   0.46   0.50
  91   0.35   0.45   0.49   0.50
  92   0.42   0.49   0.36   0.46
  93   0.35   0.45   0.23   0.35
  94   0.32   0.44   0.22   0.34
  95   0.23   0.35   0.23   0.35
  96   0.18   0.30   0.18   0.30
  97   0.18   0.30   0.18   0.30
  98   0.28   0.40   0.17   0.28
  99   0.27   0.39   0.21   0.33
 100   0.24   0.36   0.25   0.38
 101   0.27   0.39   0.16   0.27
 102   0.31   0.43   0.21   0.33
 103   0.29   0.41   0.30   0.42
 104   0.37   0.47   0.31   0.43
 105   0.29   0.41   0.31   0.43
 106   0.32   0.44   0.37   0.47
 107   0.30   0.42   0.37   0.47
 108   0.37   0.47   0.32   0.44
 109   0.40   0.48   0.29   0.41
 110   0.33   0.44   0.38   0.47
 111   0.36   0.46   0.37   0.47
 112   0.36   0.46   0.37   0.47
 113   0.37   0.47   0.38   0.47
 114   0.45   0.50   0.47   0.50
 115   0.46   0.50   0.51   0.50
 116   0.42   0.49   0.55   0.49
 117   0.48   0.50   0.57   0.49
 118   0.49   0.50   0.58   0.49
 119   0.46   0.50   0.51   0.50
 120   0.41   0.48   0.48   0.50
 121   0.48   0.50   0.51   0.50
 122   0.45   0.50   0.55   0.49
 123   0.45   0.50   0.62   0.47
 124   0.55   0.49   0.65   0.45
 125   0.60   0.48   0.60   0.48
 126   0.58   0.49   0.62   0.47
 127   0.57   0.49   0.52   0.50
 128   0.58   0.49   0.49   0.50
 129   0.61   0.48   0.53   0.50
 130   0.57   0.49   0.52   0.50
 131   0.62   0.47   0.51   0.50
 132   0.59   0.48   0.48   0.50
 133   0.61   0.48   0.55   0.49
 134   0.46   0.50   0.65   0.45
 135   0.40   0.48   0.64   0.46
 136   0.43   0.49   0.57   0.49
 137   0.48   0.50   0.62   0.47
 138   0.44   0.49   0.55   0.49
 139   0.47   0.50   0.52   0.50
 140   0.40   0.48   0.52   0.50
 141   0.31   0.43   0.50   0.50
 142   0.34   0.45   0.46   0.50
 143   0.35   0.45   0.48   0.50
 144   0.44   0.49   0.49   0.50
 145   0.40   0.48   0.46   0.50
 146   0.45   0.50   0.44   0.49
 147   0.40   0.48   0.40   0.48
 148   0.46   0.50   0.42   0.49
 149   0.43   0.49   0.41   0.48
 150   0.40   0.48   0.48   0.50
 151   0.44   0.49   0.55   0.49
 152   0.46   0.50   0.55   0.49
 153   0.47   0.50   0.49   0.50
 154   0.47   0.50   0.53   0.50
 155   0.48   0.50   0.54   0.50
 156   0.44   0.49   0.46   0.50
 157   0.37   0.47   0.40   0.48
 158   0.33   0.44   0.39   0.48
 159   0.29   0.41   0.40   0.48
 160   0.36   0.46   0.41   0.48
 161   0.38   0.47   0.36   0.46
 162   0.35   0.45   0.31   0.43
 163   0.33   0.44   0.35   0.45
 164   0.31   0.43   0.42   0.49
 165   0.29   0.41   0.37   0.47
 166   0.27   0.39   0.37   0.47
 167   0.32   0.44   0.29   0.41
 168   0.27   0.39   0.28   0.40
 169   0.29   0.41   0.30   0.42
 170   0.32   0.44   0.30   0.42
 171   0.29   0.41   0.36   0.46
 172   0.26   0.38   0.36   0.46
 173   0.29   0.41   0.33   0.44
 174   0.26   0.38   0.32   0.44
 175   0.21   0.33   0.32   0.44
 176   0.20   0.32   0.26   0.38
 177   0.19   0.31   0.26   0.38
 178   0.19   0.31   0.22   0.34
 179   0.26   0.38   0.15   0.26
 180   0.29   0.41   0.16   0.27
 181   0.24   0.36   0.15   0.26
 182   0.17   0.28   0.14   0.24
 183   0.16   0.27   0.17   0.28
 184   0.13   0.23   0.24   0.36
 185   0.12   0.21   0.30   0.42
 186   0.09   0.16   0.30   0.42
 187   0.15   0.26   0.29   0.41
 188   0.21   0.33   0.30   0.42
 189   0.26   0.38   0.31   0.43
 190   0.23   0.35   0.30   0.42
 191   0.25   0.38   0.32   0.44
 192   0.26   0.38   0.25   0.38
 193   0.33   0.44   0.29   0.41
 194   0.42   0.49   0.41   0.48
 195   0.44   0.49   0.51   0.50
 196   0.49   0.50   0.53   0.50
 197   0.48   0.50   0.61   0.48
 198   0.43   0.49   0.67   0.44
 199   0.33   0.44   0.68   0.44
 200   0.36   0.46   0.57   0.49
 201   0.36   0.46   0.54   0.50
 202   0.39   0.48   0.47   0.50
 203   0.41   0.48   0.44   0.49
 204   0.39   0.48   0.48   0.50
 205   0.35   0.45   0.45   0.50
 206   0.40   0.48   0.54   0.50
 207   0.48   0.50   0.57   0.49
 208   0.57   0.49   0.63   0.47
 209   0.54   0.50   0.63   0.47
 210   0.47   0.50   0.64   0.46
 211   0.43   0.49   0.69   0.43
 212   0.48   0.50   0.64   0.46
 213   0.42   0.49   0.68   0.44
 214   0.48   0.50   0.78   0.34
 215   0.55   0.49   0.73   0.39
 216   0.57   0.49   0.65   0.45
 217   0.53   0.50   0.68   0.44
 218   0.53   0.50   0.67   0.44
 219   0.57   0.49   0.62   0.47
 220   0.53   0.50   0.69   0.43
 221   0.60   0.48   0.68   0.44
 222   0.57   0.49   0.67   0.44
 223   0.48   0.50   0.69   0.43
 224   0.50   0.50   0.76   0.36
 225   0.57   0.49   0.78   0.34
 226   0.61   0.48   0.80   0.32
 227   0.65   0.45   0.78   0.34
 228   0.68   0.44   0.75   0.38
 229   0.71   0.41   0.67   0.44
 230   0.71   0.41   0.69   0.43
 231   0.76   0.36   0.57   0.49
 232   0.75   0.38   0.60   0.48
 233   0.74   0.38   0.60   0.48
 234   0.77   0.35   0.58   0.49
 235   0.71   0.41   0.65   0.45
 236   0.70   0.42   0.57   0.49
 237   0.73   0.39   0.56   0.49
 238   0.78   0.34   0.61   0.48
 239   0.73   0.39   0.60   0.48
 240   0.75   0.38   0.57   0.49
 241   0.72   0.40   0.54   0.50
 242   0.62   0.47   0.57   0.49
 243   0.66   0.45   0.55   0.49
 244   0.64   0.46   0.53   0.50
 245   0.61   0.48   0.51   0.50
 246   0.68   0.44   0.46   0.50
 247   0.73   0.39   0.55   0.49
 248   0.65   0.45   0.54   0.50
 249   0.60   0.48   0.52   0.50
 250   0.54   0.50   0.65   0.45
 251   0.51   0.50   0.57   0.49
 252   0.60   0.48   0.51   0.50
 253   0.60   0.48   0.56   0.49
 254   0.60   0.48   0.54   0.50
 255   0.56   0.49   0.54   0.50
 256   0.56   0.49   0.56   0.49
 257   0.60   0.48   0.59   0.48
 258   0.61   0.48   0.57   0.49
 259   0.59   0.48   0.58   0.49
 260   0.61   0.48   0.59   0.48
 261   0.51   0.50   0.62   0.47
 262   0.59   0.48   0.61   0.48
 263   0.66   0.45   0.55   0.49
 264   0.50   0.50   0.59   0.48
 265   0.51   0.50   0.62   0.47
 266   0.64   0.46   0.63   0.47
 267   0.63   0.47   0.64   0.46
 268   0.59   0.48   0.58   0.49
 269   0.62   0.47   0.56   0.49
 270   0.64   0.46   0.53   0.50
 271   0.62   0.47   0.54   0.50
 272   0.63   0.47   0.58   0.49
 273   0.59   0.48   0.54   0.50
 274   0.65   0.45   0.45   0.50
 275   0.60   0.48   0.44   0.49
 276   0.66   0.45   0.38   0.47
 277   0.64   0.46   0.39   0.48
 278   0.47   0.50   0.43   0.49
 279   0.45   0.50   0.42   0.49
 280   0.50   0.50   0.53   0.50
 281   0.56   0.49   0.48   0.50
 282   0.65   0.45   0.48   0.50
 283   0.54   0.50   0.52   0.50
 284   0.59   0.48   0.50   0.50
 285   0.62   0.47   0.49   0.50
 286   0.68   0.44   0.51   0.50
 287   0.69   0.43   0.50   0.50
 288   0.67   0.44   0.54   0.50
 289   0.74   0.38   0.61   0.48
 290   0.81   0.31   0.55   0.49
 291   0.82   0.30   0.52   0.50
 292   0.70   0.42   0.52   0.50
 293   0.70   0.42   0.57   0.49
 294   0.72   0.40   0.59   0.48
 295   0.83   0.28   0.65   0.45
 296   0.80   0.32   0.72   0.40
 297   0.81   0.31   0.69   0.43
 298   0.79   0.33   0.70   0.42
 299   0.72   0.40   0.68   0.44
 300   0.76   0.36   0.62   0.47
 301   0.72   0.40   0.69   0.43
 302   0.73   0.39   0.70   0.42
 303   0.74   0.38   0.67   0.44
 304   0.74   0.38   0.64   0.46
 305   0.70   0.42   0.62   0.47
 306   0.67   0.44   0.70   0.42
 307   0.67   0.44   0.72   0.40
 308   0.72   0.40   0.61   0.48
 309   0.79   0.33   0.47   0.50
 310   0.81   0.31   0.52   0.50
 311   0.78   0.34   0.52   0.50
 312   0.72   0.40   0.55   0.49
 313   0.73   0.39   0.55   0.49
 314   0.76   0.36   0.59   0.48
 315   0.76   0.36   0.61   0.48
 316   0.77   0.35   0.71   0.41
 317   0.73   0.39   0.77   0.35
 318   0.71   0.41   0.75   0.38
 319   0.79   0.33   0.74   0.38
 320   0.79   0.33   0.73   0.39
 321   0.74   0.38   0.69   0.43
 322   0.69   0.43   0.78   0.34
 323   0.79   0.33   0.70   0.42
 324   0.83   0.28   0.66   0.45
 325   0.81   0.31   0.70   0.42
 326   0.83   0.28   0.69   0.43
 327   0.79   0.33   0.75   0.38
 328   0.77   0.35   0.75   0.38
 329   0.83   0.28   0.81   0.31
 330   0.83   0.28   0.78   0.34
 331   0.82   0.30   0.75   0.38
 332   0.77   0.35   0.75   0.38
 333   0.82   0.30   0.81   0.31
 334   0.81   0.31   0.76   0.36
 335   0.81   0.31   0.75   0.38
 336   0.76   0.36   0.73   0.39
 337   0.68   0.44   0.71   0.41
 338   0.71   0.41   0.77   0.35
 339   0.78   0.34   0.73   0.39
 340   0.80   0.32   0.69   0.43
 341   0.78   0.34   0.71   0.41
 342   0.66   0.45   0.77   0.35
 343   0.71   0.41   0.74   0.38
 344   0.71   0.41   0.79   0.33
 345   0.68   0.44   0.83   0.28
 346   0.74   0.38   0.85   0.26
 347   0.75   0.38   0.81   0.31
 348   0.72   0.40   0.79   0.33
 349   0.74   0.38   0.78   0.34
 350   0.72   0.40   0.74   0.38
 351   0.71   0.41   0.80   0.32
 352   0.74   0.38   0.78   0.34
 353   0.76   0.36   0.72   0.40
 354   0.81   0.31   0.80   0.32
 355   0.84   0.27   0.86   0.24
 356   0.83   0.28   0.89   0.20
 357   0.86   0.24   0.88   0.21
 358   0.87   0.23   0.93   0.13
 359   0.87   0.23   0.95   0.10
 360   0.89   0.20   0.93   0.13
 361   0.89   0.20   0.93   0.13
 362   0.88   0.21   0.97   0.06
 363   0.92   0.15   0.95   0.10
 364   0.97   0.06   0.97   0.06
 365   0.97   0.06   0.98   0.04
 366   0.99   0.02   0.98   0.04
 367   1.00   0.00   0.98   0.04
